2025-05-26 15:26:24,390 - INFO - Sentiment analyzed: NEGATIVE
2025-05-26 15:26:24,417 - INFO - Sentiment analyzed: POSITIVE
2025-05-26 15:26:42,594 - INFO - Sentiment analyzed: NEGATIVE
2025-05-26 15:26:42,617 - INFO - Sentiment analyzed: POSITIVE
2025-05-26 15:27:57,784 - INFO - Sentiment analyzed: NEGATIVE
2025-05-26 15:27:57,809 - INFO - Sentiment analyzed: POSITIVE
2025-05-26 15:28:57,368 - INFO - Sentiment analyzed: NEGATIVE
2025-05-26 15:28:57,403 - INFO - Sentiment analyzed: POSITIVE
2025-05-26 15:29:16,803 - INFO - Sentiment analyzed: NEGATIVE
2025-05-26 15:29:16,819 - INFO - Sentiment analyzed: POSITIVE
2025-05-26 15:41:01,873 - INFO - Sentiment analyzed: NEGATIVE
2025-05-26 15:41:01,893 - INFO - Sentiment analyzed: POSITIVE
2025-05-26 15:41:06,653 - INFO - Sentiment analyzed: NEGATIVE
2025-05-26 15:41:06,673 - INFO - Sentiment analyzed: POSITIVE
2025-05-26 15:41:09,559 - INFO - Sentiment analyzed: NEGATIVE
2025-05-26 15:41:09,581 - INFO - Sentiment analyzed: POSITIVE
2025-05-26 15:41:11,479 - INFO - Sentiment analyzed: NEGATIVE
2025-05-26 15:41:11,499 - INFO - Sentiment analyzed: POSITIVE
2025-05-26 15:41:13,343 - INFO - Sentiment analyzed: NEGATIVE
2025-05-26 15:41:13,387 - INFO - Sentiment analyzed: POSITIVE
2025-05-26 15:41:13,435 - INFO - Sentiment analyzed: POSITIVE
2025-05-26 15:53:32,735 - INFO - Sentiment analyzed: NEGATIVE
2025-05-26 15:53:32,760 - INFO - Sentiment analyzed: NEGATIVE
2025-05-26 15:53:32,781 - INFO - Sentiment analyzed: POSITIVE
2025-05-26 16:09:43,037 - INFO - Sentiment analyzed: POSITIVE
2025-05-26 16:09:43,075 - INFO - Sentiment analyzed: POSITIVE
2025-05-26 16:09:43,101 - INFO - Sentiment analyzed: NEGATIVE
2025-05-26 16:12:06,178 - INFO - Sentiment analyzed: POSITIVE
2025-05-26 16:12:06,244 - INFO - Sentiment analyzed: NEGATIVE
2025-05-26 16:12:06,325 - INFO - Sentiment analyzed: POSITIVE
2025-05-26 16:13:06,604 - INFO - Sentiment analyzed: NEGATIVE
2025-05-26 16:13:06,775 - INFO - Sentiment analyzed: NEGATIVE
2025-05-26 16:13:06,871 - INFO - Sentiment analyzed: NEGATIVE
2025-05-26 16:13:36,948 - INFO - Sentiment analyzed: POSITIVE
2025-05-26 16:13:37,072 - INFO - Sentiment analyzed: NEGATIVE
2025-05-26 16:13:37,236 - INFO - Sentiment analyzed: POSITIVE
2025-05-26 16:13:41,375 - INFO - Sentiment analyzed: POSITIVE
2025-05-26 16:13:41,533 - INFO - Sentiment analyzed: NEGATIVE
2025-05-26 16:13:41,670 - INFO - Sentiment analyzed: POSITIVE
2025-05-26 16:16:08,280 - INFO - Sentiment analyzed: POSITIVE
2025-05-26 16:16:08,340 - INFO - Sentiment analyzed: NEGATIVE
2025-05-26 16:16:08,396 - INFO - Sentiment analyzed: POSITIVE
2025-05-26 16:55:05,169 - INFO - Sentiment analyzed: NEGATIVE
2025-05-26 16:55:05,232 - INFO - Sentiment analyzed: NEGATIVE
2025-05-26 16:55:16,598 - INFO - Sentiment analyzed: NEGATIVE
2025-05-26 16:55:16,657 - INFO - Sentiment analyzed: POSITIVE
2025-05-26 16:55:16,729 - INFO - Sentiment analyzed: NEGATIVE
2025-05-26 16:56:06,427 - INFO - Sentiment analyzed: POSITIVE
2025-05-26 16:56:06,565 - INFO - Sentiment analyzed: POSITIVE
2025-05-26 16:56:06,643 - INFO - Sentiment analyzed: NEGATIVE
2025-05-26 16:59:01,055 - INFO - Sentiment analyzed: NEGATIVE
2025-05-26 16:59:01,169 - INFO - Sentiment analyzed: NEGATIVE
2025-05-26 16:59:01,284 - INFO - Sentiment analyzed: NEGATIVE
2025-05-26 16:59:30,617 - INFO - Sentiment analyzed: POSITIVE
2025-05-26 16:59:30,681 - INFO - Sentiment analyzed: NEGATIVE
2025-05-26 16:59:30,742 - INFO - Sentiment analyzed: POSITIVE
2025-05-26 16:59:52,853 - INFO - Sentiment analyzed: POSITIVE
2025-05-26 16:59:52,884 - INFO - Sentiment analyzed: POSITIVE
2025-05-26 16:59:52,979 - INFO - Sentiment analyzed: NEGATIVE
2025-05-26 16:59:54,629 - INFO - Sentiment analyzed: POSITIVE
2025-05-26 16:59:54,798 - INFO - Sentiment analyzed: POSITIVE
2025-05-26 16:59:54,866 - INFO - Sentiment analyzed: NEGATIVE
2025-05-26 17:00:04,792 - INFO - Sentiment analyzed: NEGATIVE
2025-05-26 17:00:05,001 - INFO - Sentiment analyzed: NEGATIVE
2025-05-26 17:00:05,168 - INFO - Sentiment analyzed: NEGATIVE
2025-05-26 17:00:17,262 - INFO - Sentiment analyzed: NEGATIVE
2025-05-26 17:00:17,381 - INFO - Sentiment analyzed: NEGATIVE
2025-05-26 17:00:17,461 - INFO - Sentiment analyzed: NEGATIVE
2025-05-26 17:00:28,161 - INFO - Sentiment analyzed: NEGATIVE
2025-05-26 17:00:28,293 - INFO - Sentiment analyzed: NEGATIVE
2025-05-26 17:00:28,396 - INFO - Sentiment analyzed: NEGATIVE
2025-05-26 17:00:29,674 - INFO - Sentiment analyzed: NEGATIVE
2025-05-26 17:00:29,763 - INFO - Sentiment analyzed: NEGATIVE
2025-05-26 17:00:29,848 - INFO - Sentiment analyzed: NEGATIVE
2025-05-26 17:01:12,073 - INFO - Sentiment analyzed: NEGATIVE
2025-05-26 17:01:12,254 - INFO - Sentiment analyzed: NEGATIVE
2025-05-26 17:01:12,398 - INFO - Sentiment analyzed: NEGATIVE
2025-05-26 17:01:15,877 - INFO - Sentiment analyzed: NEGATIVE
2025-05-26 17:01:15,956 - INFO - Sentiment analyzed: NEGATIVE
2025-05-26 17:01:16,032 - INFO - Sentiment analyzed: NEGATIVE
2025-05-26 17:01:18,966 - INFO - Sentiment analyzed: NEGATIVE
2025-05-26 17:01:19,040 - INFO - Sentiment analyzed: POSITIVE
2025-05-26 17:01:19,121 - INFO - Sentiment analyzed: NEGATIVE
2025-05-26 17:01:24,834 - INFO - Sentiment analyzed: NEGATIVE
2025-05-26 17:01:24,913 - INFO - Sentiment analyzed: NEGATIVE
2025-05-26 17:01:25,032 - INFO - Sentiment analyzed: NEGATIVE
2025-05-26 17:01:34,593 - INFO - Sentiment analyzed: POSITIVE
2025-05-26 17:01:34,643 - INFO - Sentiment analyzed: POSITIVE
2025-05-26 17:01:34,735 - INFO - Sentiment analyzed: NEGATIVE
2025-05-26 17:01:53,859 - INFO - Sentiment analyzed: POSITIVE
2025-05-26 17:01:53,900 - INFO - Sentiment analyzed: POSITIVE
2025-05-26 17:01:54,005 - INFO - Sentiment analyzed: NEGATIVE
2025-05-26 17:01:58,963 - INFO - Sentiment analyzed: POSITIVE
2025-05-26 17:01:59,048 - INFO - Sentiment analyzed: NEGATIVE
2025-05-26 17:01:59,138 - INFO - Sentiment analyzed: NEGATIVE
2025-05-26 17:02:52,633 - INFO - Sentiment analyzed: NEGATIVE
2025-05-26 17:02:52,711 - INFO - Sentiment analyzed: POSITIVE
2025-05-26 17:02:52,798 - INFO - Sentiment analyzed: POSITIVE
2025-05-26 17:03:04,037 - INFO - Sentiment analyzed: NEGATIVE
2025-05-26 17:03:04,129 - INFO - Sentiment analyzed: POSITIVE
2025-05-26 17:03:04,207 - INFO - Sentiment analyzed: POSITIVE
2025-05-26 17:03:15,919 - INFO - Sentiment analyzed: NEGATIVE
2025-05-26 17:03:15,963 - INFO - Sentiment analyzed: POSITIVE
2025-05-26 17:03:16,099 - INFO - Sentiment analyzed: POSITIVE
2025-05-26 17:04:15,189 - INFO - Sentiment analyzed: NEGATIVE
2025-05-26 17:04:15,298 - INFO - Sentiment analyzed: POSITIVE
2025-05-26 17:04:15,394 - INFO - Sentiment analyzed: POSITIVE
2025-05-26 17:08:28,217 - INFO - Sentiment analyzed: NEGATIVE
2025-05-26 17:08:28,310 - INFO - Sentiment analyzed: POSITIVE
2025-05-26 17:08:28,479 - INFO - Sentiment analyzed: POSITIVE
2025-05-26 17:09:02,429 - INFO - Sentiment analyzed: NEGATIVE
2025-05-26 17:09:02,515 - INFO - Sentiment analyzed: POSITIVE
2025-05-26 17:09:02,681 - INFO - Sentiment analyzed: POSITIVE
2025-05-26 17:09:14,463 - INFO - Sentiment analyzed: NEGATIVE
2025-05-26 17:09:14,512 - INFO - Sentiment analyzed: POSITIVE
2025-05-26 17:09:14,608 - INFO - Sentiment analyzed: POSITIVE
2025-05-26 17:09:43,546 - INFO - Sentiment analyzed: NEGATIVE
2025-05-26 17:09:43,598 - INFO - Sentiment analyzed: POSITIVE
2025-05-26 17:09:43,704 - INFO - Sentiment analyzed: POSITIVE
2025-05-26 17:09:53,934 - INFO - Sentiment analyzed: NEGATIVE
2025-05-26 17:09:54,039 - INFO - Sentiment analyzed: POSITIVE
2025-05-26 17:09:54,090 - INFO - Sentiment analyzed: POSITIVE
2025-05-26 18:28:33,374 - INFO - Sentiment analyzed: POSITIVE
2025-05-26 18:28:33,534 - INFO - Sentiment analyzed: NEGATIVE
2025-05-26 18:28:33,697 - INFO - Sentiment analyzed: POSITIVE
2025-05-26 18:29:51,478 - INFO - Sentiment analyzed: POSITIVE
2025-05-26 18:29:51,598 - INFO - Sentiment analyzed: POSITIVE
2025-05-26 18:29:51,796 - INFO - Sentiment analyzed: NEGATIVE
2025-05-26 18:30:03,868 - INFO - Sentiment analyzed: NEGATIVE
2025-05-26 18:30:04,005 - INFO - Sentiment analyzed: POSITIVE
2025-05-26 18:30:04,051 - INFO - Sentiment analyzed: POSITIVE
2025-05-26 18:31:14,405 - INFO - Sentiment analyzed: NEGATIVE
2025-05-26 18:31:14,600 - INFO - Sentiment analyzed: POSITIVE
2025-05-26 18:31:14,734 - INFO - Sentiment analyzed: POSITIVE
2025-05-26 18:32:05,136 - INFO - Sentiment analyzed: NEGATIVE
2025-05-26 18:32:05,194 - INFO - Sentiment analyzed: POSITIVE
2025-05-26 18:32:05,324 - INFO - Sentiment analyzed: POSITIVE
2025-05-26 18:33:07,748 - INFO - Sentiment analyzed: NEGATIVE
2025-05-26 18:33:07,828 - INFO - Sentiment analyzed: POSITIVE
2025-05-26 18:33:07,949 - INFO - Sentiment analyzed: POSITIVE
2025-05-26 18:35:35,497 - INFO - Sentiment analyzed: NEGATIVE
2025-05-26 18:35:35,633 - INFO - Sentiment analyzed: POSITIVE
2025-05-26 18:35:35,784 - INFO - Sentiment analyzed: POSITIVE
2025-05-26 18:37:49,784 - INFO - Sentiment analyzed: POSITIVE
2025-05-26 18:37:49,942 - INFO - Sentiment analyzed: POSITIVE
2025-05-26 18:37:50,086 - INFO - Sentiment analyzed: NEGATIVE
2025-05-26 18:39:32,911 - INFO - Sentiment analyzed: NEGATIVE
2025-05-26 18:39:33,105 - INFO - Sentiment analyzed: POSITIVE
2025-05-26 18:39:33,187 - INFO - Sentiment analyzed: POSITIVE
2025-05-26 18:40:25,072 - INFO - Sentiment analyzed: NEGATIVE
2025-05-26 18:40:25,145 - INFO - Sentiment analyzed: POSITIVE
2025-05-26 18:40:25,297 - INFO - Sentiment analyzed: POSITIVE
2025-05-26 18:41:05,829 - INFO - Sentiment analyzed: NEGATIVE
2025-05-26 18:41:05,987 - INFO - Sentiment analyzed: POSITIVE
2025-05-26 18:41:06,116 - INFO - Sentiment analyzed: POSITIVE
2025-05-26 18:42:48,401 - INFO - Sentiment analyzed: NEGATIVE
2025-05-26 18:42:48,542 - INFO - Sentiment analyzed: POSITIVE
2025-05-26 18:42:48,695 - INFO - Sentiment analyzed: POSITIVE
2025-05-26 18:43:45,596 - INFO - Sentiment analyzed: NEGATIVE
2025-05-26 18:43:45,660 - INFO - Sentiment analyzed: NEGATIVE
2025-05-26 18:43:45,769 - INFO - Sentiment analyzed: NEGATIVE
2025-05-26 18:43:54,390 - INFO - Sentiment analyzed: NEGATIVE
2025-05-26 18:43:54,499 - INFO - Sentiment analyzed: NEGATIVE
2025-05-26 18:43:54,567 - INFO - Sentiment analyzed: NEGATIVE
2025-05-26 18:44:24,714 - INFO - Sentiment analyzed: NEGATIVE
2025-05-26 18:44:24,851 - INFO - Sentiment analyzed: NEGATIVE
2025-05-26 18:44:24,982 - INFO - Sentiment analyzed: NEGATIVE
2025-05-26 18:44:41,709 - INFO - Sentiment analyzed: NEGATIVE
2025-05-26 18:44:41,789 - INFO - Sentiment analyzed: NEGATIVE
2025-05-26 18:44:41,861 - INFO - Sentiment analyzed: NEGATIVE
2025-05-26 18:46:01,684 - INFO - Sentiment analyzed: POSITIVE
2025-05-26 18:46:01,742 - INFO - Sentiment analyzed: NEGATIVE
2025-05-26 18:46:01,797 - INFO - Sentiment analyzed: POSITIVE
2025-05-26 18:48:03,981 - INFO - Sentiment analyzed: NEGATIVE
2025-05-26 18:48:04,096 - INFO - Sentiment analyzed: NEGATIVE
2025-05-26 18:48:04,184 - INFO - Sentiment analyzed: NEGATIVE
2025-05-26 18:48:52,127 - INFO - Sentiment analyzed: NEGATIVE
2025-05-26 18:48:52,201 - INFO - Sentiment analyzed: NEGATIVE
2025-05-26 18:48:52,285 - INFO - Sentiment analyzed: NEGATIVE
2025-05-26 18:49:04,209 - INFO - Sentiment analyzed: NEGATIVE
2025-05-26 18:49:04,276 - INFO - Sentiment analyzed: NEGATIVE
2025-05-26 18:49:04,392 - INFO - Sentiment analyzed: NEGATIVE
2025-05-26 18:49:11,702 - INFO - Sentiment analyzed: NEGATIVE
2025-05-26 18:49:11,770 - INFO - Sentiment analyzed: NEGATIVE
2025-05-26 18:49:11,836 - INFO - Sentiment analyzed: NEGATIVE
2025-05-26 18:49:12,647 - INFO - Sentiment analyzed: NEGATIVE
2025-05-26 18:49:12,719 - INFO - Sentiment analyzed: NEGATIVE
2025-05-26 18:49:12,840 - INFO - Sentiment analyzed: NEGATIVE
2025-05-26 18:49:15,051 - INFO - Sentiment analyzed: NEGATIVE
2025-05-26 18:49:15,183 - INFO - Sentiment analyzed: NEGATIVE
2025-05-26 18:49:15,314 - INFO - Sentiment analyzed: NEGATIVE
2025-05-26 18:49:26,110 - INFO - Sentiment analyzed: NEGATIVE
2025-05-26 18:49:26,160 - INFO - Sentiment analyzed: NEGATIVE
2025-05-26 18:49:26,242 - INFO - Sentiment analyzed: NEGATIVE
2025-05-26 18:49:57,356 - INFO - Sentiment analyzed: NEGATIVE
2025-05-26 18:49:57,421 - INFO - Sentiment analyzed: NEGATIVE
2025-05-26 18:49:57,497 - INFO - Sentiment analyzed: NEGATIVE
2025-05-26 18:50:04,598 - INFO - Sentiment analyzed: NEGATIVE
2025-05-26 18:50:04,643 - INFO - Sentiment analyzed: NEGATIVE
2025-05-26 18:50:04,700 - INFO - Sentiment analyzed: NEGATIVE
2025-05-26 18:50:05,348 - INFO - Sentiment analyzed: NEGATIVE
2025-05-26 18:50:05,406 - INFO - Sentiment analyzed: NEGATIVE
2025-05-26 18:50:05,453 - INFO - Sentiment analyzed: NEGATIVE
2025-05-26 18:50:06,416 - INFO - Sentiment analyzed: NEGATIVE
2025-05-26 18:50:06,468 - INFO - Sentiment analyzed: NEGATIVE
2025-05-26 18:50:06,530 - INFO - Sentiment analyzed: NEGATIVE
2025-05-26 18:51:28,154 - INFO - Sentiment analyzed: NEGATIVE
2025-05-26 18:51:28,254 - INFO - Sentiment analyzed: NEGATIVE
2025-05-26 18:51:28,368 - INFO - Sentiment analyzed: NEGATIVE
2025-05-26 18:51:30,427 - INFO - Sentiment analyzed: NEGATIVE
2025-05-26 18:51:30,484 - INFO - Sentiment analyzed: NEGATIVE
2025-05-26 18:51:30,611 - INFO - Sentiment analyzed: NEGATIVE
2025-05-26 18:52:29,215 - INFO - Sentiment analyzed: NEGATIVE
2025-05-26 18:52:29,308 - INFO - Sentiment analyzed: NEGATIVE
2025-05-26 18:52:29,457 - INFO - Sentiment analyzed: NEGATIVE
2025-05-26 18:52:36,910 - INFO - Sentiment analyzed: NEGATIVE
2025-05-26 18:52:36,960 - INFO - Sentiment analyzed: NEGATIVE
2025-05-26 18:52:37,019 - INFO - Sentiment analyzed: NEGATIVE
2025-05-26 18:52:45,842 - INFO - Sentiment analyzed: NEGATIVE
2025-05-26 18:52:45,893 - INFO - Sentiment analyzed: NEGATIVE
2025-05-26 18:52:45,950 - INFO - Sentiment analyzed: NEGATIVE
2025-05-26 18:52:50,608 - INFO - Sentiment analyzed: NEGATIVE
2025-05-26 18:52:50,758 - INFO - Sentiment analyzed: NEGATIVE
2025-05-26 18:52:50,839 - INFO - Sentiment analyzed: NEGATIVE
2025-05-26 18:53:04,432 - INFO - Sentiment analyzed: POSITIVE
2025-05-26 18:53:04,507 - INFO - Sentiment analyzed: POSITIVE
2025-05-26 18:53:04,581 - INFO - Sentiment analyzed: NEGATIVE
2025-05-26 18:59:46,732 - INFO - Sentiment analyzed: NEGATIVE
2025-05-26 18:59:46,806 - INFO - Sentiment analyzed: NEGATIVE
2025-05-26 18:59:46,896 - INFO - Sentiment analyzed: NEGATIVE
2025-05-26 18:59:49,801 - INFO - Sentiment analyzed: NEGATIVE
2025-05-26 18:59:49,847 - INFO - Sentiment analyzed: NEGATIVE
2025-05-26 18:59:49,919 - INFO - Sentiment analyzed: NEGATIVE
2025-05-26 19:00:55,689 - INFO - Sentiment analyzed: NEGATIVE
2025-05-26 19:00:55,755 - INFO - Sentiment analyzed: NEGATIVE
2025-05-26 19:00:55,820 - INFO - Sentiment analyzed: NEGATIVE
2025-05-26 19:02:18,787 - INFO - Sentiment analyzed: NEGATIVE
2025-05-26 19:02:18,842 - INFO - Sentiment analyzed: NEGATIVE
2025-05-26 19:02:18,918 - INFO - Sentiment analyzed: NEGATIVE
2025-05-26 19:03:11,713 - INFO - Sentiment analyzed: NEGATIVE
2025-05-26 19:03:11,774 - INFO - Sentiment analyzed: NEGATIVE
2025-05-26 19:03:11,828 - INFO - Sentiment analyzed: POSITIVE
2025-05-26 19:03:47,248 - INFO - Sentiment analyzed: NEGATIVE
2025-05-26 19:03:47,305 - INFO - Sentiment analyzed: POSITIVE
2025-05-26 19:03:47,377 - INFO - Sentiment analyzed: NEGATIVE
2025-05-26 19:06:57,876 - INFO - Sentiment analyzed: NEGATIVE
2025-05-26 19:06:57,957 - INFO - Sentiment analyzed: NEGATIVE
2025-05-26 19:06:58,061 - INFO - Sentiment analyzed: NEGATIVE
2025-05-26 19:08:42,561 - INFO - Sentiment analyzed: NEGATIVE
2025-05-26 19:08:42,669 - INFO - Sentiment analyzed: NEGATIVE
2025-05-26 19:08:42,792 - INFO - Sentiment analyzed: NEGATIVE
2025-05-26 19:09:20,906 - INFO - Sentiment analyzed: NEGATIVE
2025-05-26 19:09:21,028 - INFO - Sentiment analyzed: NEGATIVE
2025-05-26 19:09:21,095 - INFO - Sentiment analyzed: NEGATIVE
2025-05-26 19:10:18,634 - INFO - Sentiment analyzed: NEGATIVE
2025-05-26 19:10:18,718 - INFO - Sentiment analyzed: NEGATIVE
2025-05-26 19:10:18,755 - INFO - Sentiment analyzed: POSITIVE
2025-05-26 19:10:32,384 - INFO - Sentiment analyzed: NEGATIVE
2025-05-26 19:10:32,461 - INFO - Sentiment analyzed: NEGATIVE
2025-05-26 19:10:32,526 - INFO - Sentiment analyzed: POSITIVE
2025-05-26 19:10:51,764 - INFO - Sentiment analyzed: NEGATIVE
2025-05-26 19:10:51,831 - INFO - Sentiment analyzed: POSITIVE
2025-05-26 19:10:51,915 - INFO - Sentiment analyzed: NEGATIVE
2025-05-26 19:14:15,994 - INFO - Sentiment analyzed: NEGATIVE
2025-05-26 19:14:16,041 - INFO - Sentiment analyzed: POSITIVE
2025-05-26 19:14:16,101 - INFO - Sentiment analyzed: NEGATIVE
2025-05-26 19:16:31,787 - INFO - Sentiment analyzed: NEGATIVE
2025-05-26 19:16:31,842 - INFO - Sentiment analyzed: NEGATIVE
2025-05-26 19:16:31,883 - INFO - Sentiment analyzed: POSITIVE
2025-05-26 19:18:07,513 - INFO - Sentiment analyzed: NEGATIVE
2025-05-26 19:18:07,634 - INFO - Sentiment analyzed: NEGATIVE
2025-05-26 19:18:07,712 - INFO - Sentiment analyzed: POSITIVE
2025-05-26 19:20:21,159 - INFO - Sentiment analyzed: NEGATIVE
2025-05-26 19:20:21,338 - INFO - Sentiment analyzed: NEGATIVE
2025-05-26 19:20:21,422 - INFO - Sentiment analyzed: POSITIVE
2025-05-26 19:21:03,736 - INFO - Sentiment analyzed: NEGATIVE
2025-05-26 19:21:03,895 - INFO - Sentiment analyzed: NEGATIVE
2025-05-26 19:21:04,019 - INFO - Sentiment analyzed: NEGATIVE
2025-05-26 19:22:15,651 - INFO - Sentiment analyzed: NEGATIVE
2025-05-26 19:22:15,724 - INFO - Sentiment analyzed: POSITIVE
2025-05-26 19:22:15,818 - INFO - Sentiment analyzed: NEGATIVE
2025-05-26 19:22:15,899 - INFO - Sentiment analyzed: NEGATIVE
2025-05-26 19:22:15,932 - INFO - Sentiment analyzed: POSITIVE
2025-05-26 19:22:15,991 - INFO - Sentiment analyzed: NEGATIVE
2025-05-26 19:22:32,517 - INFO - Sentiment analyzed: NEGATIVE
2025-05-26 19:22:32,601 - INFO - Sentiment analyzed: NEGATIVE
2025-05-26 19:22:32,644 - INFO - Sentiment analyzed: POSITIVE
2025-05-26 19:22:42,333 - INFO - Sentiment analyzed: NEGATIVE
2025-05-26 19:22:42,430 - INFO - Sentiment analyzed: NEGATIVE
2025-05-26 19:22:42,475 - INFO - Sentiment analyzed: POSITIVE
2025-05-26 19:22:59,372 - INFO - Sentiment analyzed: NEGATIVE
2025-05-26 19:22:59,481 - INFO - Sentiment analyzed: NEGATIVE
2025-05-26 19:22:59,552 - INFO - Sentiment analyzed: POSITIVE
2025-05-26 19:25:30,104 - INFO - Sentiment analyzed: NEGATIVE
2025-05-26 19:25:30,151 - INFO - Sentiment analyzed: POSITIVE
2025-05-26 19:25:30,277 - INFO - Sentiment analyzed: NEGATIVE
2025-05-26 19:26:05,062 - INFO - Sentiment analyzed: NEGATIVE
2025-05-26 19:26:05,157 - INFO - Sentiment analyzed: NEGATIVE
2025-05-26 19:26:05,201 - INFO - Sentiment analyzed: POSITIVE
2025-05-26 19:26:10,625 - INFO - Sentiment analyzed: NEGATIVE
2025-05-26 19:26:10,716 - INFO - Sentiment analyzed: NEGATIVE
2025-05-26 19:26:10,828 - INFO - Sentiment analyzed: NEGATIVE
2025-05-26 19:28:52,132 - INFO - Sentiment analyzed: NEGATIVE
2025-05-26 19:28:52,170 - INFO - Sentiment analyzed: POSITIVE
2025-05-26 19:28:52,227 - INFO - Sentiment analyzed: NEGATIVE
2025-05-26 19:29:02,464 - INFO - Sentiment analyzed: NEGATIVE
2025-05-26 19:29:02,535 - INFO - Sentiment analyzed: NEGATIVE
2025-05-26 19:29:02,611 - INFO - Sentiment analyzed: POSITIVE
2025-05-26 19:30:17,630 - INFO - Sentiment analyzed: NEGATIVE
2025-05-26 19:30:17,711 - INFO - Sentiment analyzed: NEGATIVE
2025-05-26 19:30:17,773 - INFO - Sentiment analyzed: POSITIVE
2025-05-26 19:30:34,268 - INFO - Sentiment analyzed: NEGATIVE
2025-05-26 19:30:34,411 - INFO - Sentiment analyzed: NEGATIVE
2025-05-26 19:30:34,532 - INFO - Sentiment analyzed: POSITIVE
2025-05-26 19:31:51,178 - INFO - Sentiment analyzed: NEGATIVE
2025-05-26 19:31:51,251 - INFO - Sentiment analyzed: NEGATIVE
2025-05-26 19:31:51,338 - INFO - Sentiment analyzed: NEGATIVE
2025-05-26 19:33:35,912 - INFO - Sentiment analyzed: NEGATIVE
2025-05-26 19:33:35,980 - INFO - Sentiment analyzed: NEGATIVE
2025-05-26 19:33:36,046 - INFO - Sentiment analyzed: NEGATIVE
2025-05-26 19:35:38,655 - INFO - Sentiment analyzed: NEGATIVE
2025-05-26 19:35:38,707 - INFO - Sentiment analyzed: POSITIVE
2025-05-26 19:35:38,788 - INFO - Sentiment analyzed: NEGATIVE
2025-05-26 19:37:41,909 - INFO - Sentiment analyzed: NEGATIVE
2025-05-26 19:37:42,024 - INFO - Sentiment analyzed: NEGATIVE
2025-05-26 19:37:42,062 - INFO - Sentiment analyzed: POSITIVE
2025-05-26 19:38:46,726 - INFO - Sentiment analyzed: NEGATIVE
2025-05-26 19:38:46,825 - INFO - Sentiment analyzed: NEGATIVE
2025-05-26 19:38:46,929 - INFO - Sentiment analyzed: POSITIVE
2025-05-26 19:39:38,195 - INFO - Sentiment analyzed: NEGATIVE
2025-05-26 19:39:38,269 - INFO - Sentiment analyzed: NEGATIVE
2025-05-26 19:39:38,322 - INFO - Sentiment analyzed: NEGATIVE
2025-05-26 19:40:06,793 - INFO - Sentiment analyzed: NEGATIVE
2025-05-26 19:40:06,892 - INFO - Sentiment analyzed: NEGATIVE
2025-05-26 19:40:06,992 - INFO - Sentiment analyzed: NEGATIVE
2025-05-26 19:43:12,657 - INFO - Sentiment analyzed: NEGATIVE
2025-05-26 19:43:12,706 - INFO - Sentiment analyzed: NEGATIVE
2025-05-26 19:43:12,750 - INFO - Sentiment analyzed: POSITIVE
2025-05-26 19:43:31,701 - INFO - Sentiment analyzed: NEGATIVE
2025-05-26 19:43:31,844 - INFO - Sentiment analyzed: NEGATIVE
2025-05-26 19:43:31,953 - INFO - Sentiment analyzed: NEGATIVE
2025-05-26 22:23:36,173 - INFO - Sentiment analyzed: POSITIVE
2025-05-26 22:23:36,276 - INFO - Sentiment analyzed: POSITIVE
2025-05-26 22:23:36,390 - INFO - Sentiment analyzed: NEGATIVE
2025-05-27 12:16:18,481 - INFO - Sentiment analyzed: NEGATIVE
2025-05-27 12:16:18,749 - INFO - Sentiment analyzed: POSITIVE
2025-05-27 12:16:18,830 - INFO - Sentiment analyzed: POSITIVE
2025-05-27 12:17:13,967 - INFO - Sentiment analyzed: NEGATIVE
2025-05-27 12:17:14,040 - INFO - Sentiment analyzed: POSITIVE
2025-05-27 12:17:14,238 - INFO - Sentiment analyzed: POSITIVE
2025-05-27 12:18:35,848 - INFO - Sentiment analyzed: NEGATIVE
2025-05-27 12:18:35,970 - INFO - Sentiment analyzed: POSITIVE
2025-05-27 12:18:36,030 - INFO - Sentiment analyzed: POSITIVE
2025-05-27 12:20:13,676 - INFO - Sentiment analyzed: NEGATIVE
2025-05-27 12:20:13,857 - INFO - Sentiment analyzed: POSITIVE
2025-05-27 12:20:14,020 - INFO - Sentiment analyzed: POSITIVE
2025-05-27 12:20:29,756 - INFO - Sentiment analyzed: NEGATIVE
2025-05-27 12:20:29,937 - INFO - Sentiment analyzed: POSITIVE
2025-05-27 12:20:30,066 - INFO - Sentiment analyzed: POSITIVE
2025-05-27 12:26:12,476 - INFO - Sentiment analyzed: NEGATIVE
2025-05-27 12:26:12,620 - INFO - Sentiment analyzed: POSITIVE
2025-05-27 12:26:12,805 - INFO - Sentiment analyzed: POSITIVE
2025-05-27 12:26:20,658 - INFO - Sentiment analyzed: NEGATIVE
2025-05-27 12:26:20,813 - INFO - Sentiment analyzed: POSITIVE
2025-05-27 12:26:20,962 - INFO - Sentiment analyzed: POSITIVE
2025-05-27 12:26:26,005 - INFO - Sentiment analyzed: NEGATIVE
2025-05-27 12:26:26,117 - INFO - Sentiment analyzed: POSITIVE
2025-05-27 12:26:26,173 - INFO - Sentiment analyzed: POSITIVE
2025-05-27 12:26:29,795 - INFO - Sentiment analyzed: NEGATIVE
2025-05-27 12:26:29,843 - INFO - Sentiment analyzed: POSITIVE
2025-05-27 12:26:29,966 - INFO - Sentiment analyzed: POSITIVE
2025-05-27 12:26:34,878 - INFO - Sentiment analyzed: POSITIVE
2025-05-27 12:26:34,983 - INFO - Sentiment analyzed: NEGATIVE
2025-05-27 12:26:35,031 - INFO - Sentiment analyzed: POSITIVE
2025-05-27 12:26:39,605 - INFO - Sentiment analyzed: POSITIVE
2025-05-27 12:26:39,698 - INFO - Sentiment analyzed: NEGATIVE
2025-05-27 12:26:39,768 - INFO - Sentiment analyzed: POSITIVE
2025-05-27 12:26:44,441 - INFO - Sentiment analyzed: POSITIVE
2025-05-27 12:26:44,584 - INFO - Sentiment analyzed: NEGATIVE
2025-05-27 12:26:44,722 - INFO - Sentiment analyzed: NEGATIVE
2025-05-27 12:27:01,332 - INFO - Sentiment analyzed: POSITIVE
2025-05-27 12:27:01,426 - INFO - Sentiment analyzed: NEGATIVE
2025-05-27 12:27:01,711 - INFO - Sentiment analyzed: NEGATIVE
2025-05-27 12:27:05,779 - INFO - Sentiment analyzed: POSITIVE
2025-05-27 12:27:06,023 - INFO - Sentiment analyzed: NEGATIVE
2025-05-27 12:27:06,210 - INFO - Sentiment analyzed: NEGATIVE
2025-05-27 12:27:10,476 - INFO - Sentiment analyzed: NEGATIVE
2025-05-27 12:27:10,648 - INFO - Sentiment analyzed: POSITIVE
2025-05-27 12:27:10,708 - INFO - Sentiment analyzed: POSITIVE
2025-05-27 12:28:00,080 - INFO - Sentiment analyzed: POSITIVE
2025-05-27 12:28:00,168 - INFO - Sentiment analyzed: POSITIVE
2025-05-27 12:28:00,226 - INFO - Sentiment analyzed: POSITIVE
2025-05-27 12:29:42,550 - INFO - Sentiment analyzed: NEGATIVE
2025-05-27 12:29:42,742 - INFO - Sentiment analyzed: POSITIVE
2025-05-27 12:29:42,791 - INFO - Sentiment analyzed: POSITIVE
2025-05-27 12:30:03,977 - INFO - Sentiment analyzed: NEGATIVE
2025-05-27 12:30:04,132 - INFO - Sentiment analyzed: POSITIVE
2025-05-27 12:30:04,189 - INFO - Sentiment analyzed: POSITIVE
2025-05-27 12:30:09,908 - INFO - Sentiment analyzed: NEGATIVE
2025-05-27 12:30:10,061 - INFO - Sentiment analyzed: POSITIVE
2025-05-27 12:30:10,118 - INFO - Sentiment analyzed: POSITIVE
2025-05-27 12:30:33,360 - INFO - Sentiment analyzed: NEGATIVE
2025-05-27 12:30:33,465 - INFO - Sentiment analyzed: POSITIVE
2025-05-27 12:30:33,544 - INFO - Sentiment analyzed: POSITIVE
2025-05-27 12:38:51,144 - INFO - Sentiment analyzed: NEGATIVE
2025-05-27 12:38:51,230 - INFO - Sentiment analyzed: POSITIVE
2025-05-27 12:38:51,275 - INFO - Sentiment analyzed: POSITIVE
2025-05-27 12:41:41,050 - INFO - Sentiment analyzed: NEGATIVE
2025-05-27 12:41:41,118 - INFO - Sentiment analyzed: POSITIVE
2025-05-27 12:41:41,253 - INFO - Sentiment analyzed: POSITIVE
2025-05-27 12:43:16,755 - INFO - Sentiment analyzed: NEGATIVE
2025-05-27 12:43:16,945 - INFO - Sentiment analyzed: POSITIVE
2025-05-27 12:43:17,003 - INFO - Sentiment analyzed: POSITIVE
2025-05-30 13:29:58,146 - INFO - Sentiment analyzed: NEGATIVE
2025-05-30 13:29:58,395 - INFO - Sentiment analyzed: POSITIVE
2025-05-30 13:29:58,585 - INFO - Sentiment analyzed: POSITIVE
2025-06-03 21:44:05,835 - INFO - Sentiment analyzed: POSITIVE
2025-06-03 21:44:06,092 - INFO - Sentiment analyzed: NEGATIVE
2025-06-03 21:44:06,213 - INFO - Sentiment analyzed: NEGATIVE
2025-06-03 21:44:14,297 - INFO - Insight input: text='SABA reposted\nZ\n@BrianZisook\n·\n15h\nReplying to \n@BrianZisook\nRead about \n@sabaPIVOT\n’s wild journey to clear a Janet Jackson sample on his new album.\nQuote\nZ\n@BrianZisook\n·\nMar 18\n“I’m in the studio, [album] postponed indefinitely, just waiting. And then, on the day we were supposed to drop, I get the call: ‘It’s cleared.’”\n\nI spoke with Saba (@sabaPIVOT) about the wild journey of clearing a Janet Jackson sample for his new album with No ID. \n6\n36\n21K'
2025-06-03 21:44:18,309 - INFO - Insight output: Not political
2025-06-03 21:44:18,928 - INFO - Insight input: text='Displate\n@Displate\nAd\nPreem art, straight from Night City! Officially licensed Cyberpunk 2077 metal posters for chooms who know. Get yours now!\nSlide 1 of 3 - Carousel\nMetal Posters\nMetal Posters\nFrom displate.com\n9\n9\n113\n392K'
2025-06-03 21:44:22,380 - INFO - Insight output: Not political
2025-06-03 21:44:22,384 - INFO - Insight input: text='Displate\n@Displate\nAd\nPreem art, straight from Night City! Officially licensed Cyberpunk 2077 metal posters for chooms who know. Get yours now!\nSlide 1 of 3 - Carousel\nMetal Posters\nMetal Posters\nFrom displate.com\n9\n9\n113\n392K'
2025-06-03 21:44:25,413 - INFO - Insight output: Not political
2025-06-03 21:45:08,686 - INFO - Sentiment analyzed: POSITIVE
2025-06-03 21:45:08,778 - INFO - Sentiment analyzed: NEGATIVE
2025-06-03 21:45:08,862 - INFO - Sentiment analyzed: NEGATIVE
2025-06-03 21:51:35,791 - INFO - Sentiment analyzed: POSITIVE
2025-06-03 21:51:35,896 - INFO - Sentiment analyzed: POSITIVE
2025-06-03 21:51:35,965 - INFO - Sentiment analyzed: POSITIVE
2025-06-03 21:51:43,433 - INFO - Insight output: not political
2025-06-03 21:53:45,899 - INFO - Sentiment analyzed: POSITIVE
2025-06-03 21:53:46,076 - INFO - Sentiment analyzed: NEGATIVE
2025-06-03 21:53:46,258 - INFO - Sentiment analyzed: NEGATIVE
2025-06-03 21:53:52,469 - INFO - Insight input: text='Kemz mama || Mummy Wa reposted\nMr Macaroni\n@mrmacaronii\n·\n18h\n222\n710\n6.4K\n117K'
2025-06-03 21:53:55,770 - INFO - Insight output: Not political
2025-06-03 21:53:55,966 - INFO - Insight input: text='Displate\n@Displate\nAd\nPreem art, straight from Night City! Officially licensed Cyberpunk 2077 metal posters for chooms who know. Get yours now!\nSlide 1 of 3 - Carousel\nMetal Posters\nMetal Posters\nFrom displate.com\n9\n9\n113\n392K'
2025-06-03 21:53:59,004 - INFO - Insight output: Not political
2025-06-03 21:53:59,007 - INFO - Insight input: text='SABA reposted\nZ\n@BrianZisook\n·\n16h\nReplying to \n@BrianZisook\nRead about \n@sabaPIVOT\n’s wild journey to clear a Janet Jackson sample on his new album.\nQuote\nZ\n@BrianZisook\n·\nMar 18\n“I’m in the studio, [album] postponed indefinitely, just waiting. And then, on the day we were supposed to drop, I get the call: ‘It’s cleared.’”\n\nI spoke with Saba (@sabaPIVOT) about the wild journey of clearing a Janet Jackson sample for his new album with No ID. \n6\n36\n21K'
2025-06-03 21:54:01,018 - INFO - Insight output: Not political
2025-06-03 21:54:49,465 - INFO - Sentiment analyzed: POSITIVE
2025-06-03 21:54:49,666 - INFO - Sentiment analyzed: NEGATIVE
2025-06-03 21:54:49,845 - INFO - Sentiment analyzed: NEGATIVE
2025-06-03 21:55:12,329 - INFO - Sentiment analyzed: POSITIVE
2025-06-03 21:55:12,552 - INFO - Sentiment analyzed: NEGATIVE
2025-06-03 21:55:12,769 - INFO - Sentiment analyzed: POSITIVE
2025-06-03 21:59:30,982 - INFO - Sentiment analyzed: POSITIVE
2025-06-03 21:59:31,089 - INFO - Sentiment analyzed: POSITIVE
2025-06-03 21:59:31,248 - INFO - Sentiment analyzed: POSITIVE
2025-06-03 22:03:43,453 - INFO - Sentiment analyzed: POSITIVE
2025-06-03 22:03:43,644 - INFO - Sentiment analyzed: NEGATIVE
2025-06-03 22:03:43,868 - INFO - Sentiment analyzed: POSITIVE
2025-06-03 22:03:56,173 - INFO - Sentiment analyzed: POSITIVE
2025-06-03 22:03:56,348 - INFO - Sentiment analyzed: NEGATIVE
2025-06-03 22:03:56,432 - INFO - Sentiment analyzed: POSITIVE
2025-06-03 22:10:29,893 - INFO - Sentiment analyzed: POSITIVE
2025-06-03 22:10:29,987 - INFO - Sentiment analyzed: POSITIVE
2025-06-03 22:10:30,094 - INFO - Sentiment analyzed: NEGATIVE
2025-06-03 22:10:47,771 - INFO - Sentiment analyzed: POSITIVE
2025-06-03 22:10:47,906 - INFO - Sentiment analyzed: POSITIVE
2025-06-03 22:10:48,090 - INFO - Sentiment analyzed: NEGATIVE
2025-06-03 22:11:09,530 - INFO - Sentiment analyzed: POSITIVE
2025-06-03 22:11:09,582 - INFO - Sentiment analyzed: POSITIVE
2025-06-03 22:11:09,786 - INFO - Sentiment analyzed: NEGATIVE
2025-06-03 22:15:48,982 - INFO - Sentiment analyzed: POSITIVE
2025-06-03 22:15:49,079 - INFO - Sentiment analyzed: POSITIVE
2025-06-03 22:15:49,292 - INFO - Sentiment analyzed: POSITIVE
2025-06-03 22:16:02,623 - INFO - Sentiment analyzed: POSITIVE
2025-06-03 22:16:02,769 - INFO - Sentiment analyzed: NEGATIVE
2025-06-03 22:16:02,936 - INFO - Sentiment analyzed: POSITIVE
2025-06-03 22:16:13,135 - INFO - Sentiment analyzed: POSITIVE
2025-06-03 22:16:13,207 - INFO - Sentiment analyzed: POSITIVE
2025-06-03 22:16:13,328 - INFO - Sentiment analyzed: NEGATIVE
2025-06-03 22:17:29,494 - INFO - Sentiment analyzed: POSITIVE
2025-06-03 22:17:29,593 - INFO - Sentiment analyzed: POSITIVE
2025-06-03 22:17:29,694 - INFO - Sentiment analyzed: NEGATIVE
2025-06-03 22:17:42,297 - INFO - Sentiment analyzed: POSITIVE
2025-06-03 22:17:42,420 - INFO - Sentiment analyzed: NEGATIVE
2025-06-03 22:17:42,679 - INFO - Sentiment analyzed: POSITIVE
2025-06-03 22:17:45,336 - INFO - Insight input: text='Kemz mama || Mummy Wa reposted\nMr Macaroni\n@mrmacaronii\n·\n19h\n222\n715\n6.5K\n118K'
2025-06-03 22:17:47,976 - INFO - Insight output: Not political
2025-06-03 22:18:11,407 - INFO - Sentiment analyzed: POSITIVE
2025-06-03 22:18:11,569 - INFO - Sentiment analyzed: NEGATIVE
2025-06-03 22:18:11,739 - INFO - Sentiment analyzed: POSITIVE
2025-06-03 22:21:01,360 - INFO - Sentiment analyzed: POSITIVE
2025-06-03 22:21:01,497 - INFO - Sentiment analyzed: POSITIVE
2025-06-03 22:21:01,653 - INFO - Sentiment analyzed: NEGATIVE
2025-06-03 22:23:21,219 - INFO - Sentiment analyzed: POSITIVE
2025-06-03 22:23:21,403 - INFO - Sentiment analyzed: POSITIVE
2025-06-03 22:23:21,634 - INFO - Sentiment analyzed: NEGATIVE
2025-06-03 22:24:32,615 - INFO - Sentiment analyzed: POSITIVE
2025-06-03 22:24:32,736 - INFO - Sentiment analyzed: POSITIVE
2025-06-03 22:24:32,870 - INFO - Sentiment analyzed: NEGATIVE
2025-06-03 22:26:21,702 - INFO - Sentiment analyzed: POSITIVE
2025-06-03 22:26:21,925 - INFO - Sentiment analyzed: NEGATIVE
2025-06-03 22:26:22,018 - INFO - Sentiment analyzed: POSITIVE
2025-06-03 22:26:45,140 - INFO - Insight input: text='Suggested for you\nhabesha__diaspora_\n•\n11h\n•\nFollow\n878 likes\nhabesha__diaspora_\nBill Gates, speaking in Addis Ababa, announced that he will allocate the majority of his projected $200 billion fortune...\xa0\nmore\nView all 208 comments'
2025-06-03 22:26:47,899 - INFO - Insight output: Not political
2025-06-03 22:27:19,807 - INFO - Sentiment analyzed: POSITIVE
2025-06-03 22:27:19,919 - INFO - Sentiment analyzed: POSITIVE
2025-06-03 22:27:20,090 - INFO - Sentiment analyzed: NEGATIVE
2025-06-03 22:34:03,540 - INFO - Sentiment analyzed: POSITIVE
2025-06-03 22:34:03,702 - INFO - Sentiment analyzed: POSITIVE
2025-06-03 22:34:03,816 - INFO - Sentiment analyzed: NEGATIVE
2025-06-03 22:35:20,457 - INFO - Sentiment analyzed: POSITIVE
2025-06-03 22:35:20,563 - INFO - Sentiment analyzed: NEGATIVE
2025-06-03 22:35:20,633 - INFO - Sentiment analyzed: POSITIVE
2025-06-03 22:35:41,814 - INFO - Insight input: text='MALIK\n@maliktheoracle\n·\n13h\nI did this for Zohran…. lol … yeah… only for zohran… …\nQuote\nHot Girls 4 Zohran\n@HotGirls4Zohran\n·\n15h\nAnything for the cause…\n1\n36\n2.1K'
2025-06-03 22:35:44,067 - INFO - Insight output: Not political
2025-06-03 22:35:46,599 - INFO - Insight input: text='Kemz mama || Mummy Wa reposted\nMr Macaroni\n@mrmacaronii\n·\n19h\n222\n718\n6.5K\n119K'
2025-06-03 22:35:49,676 - INFO - Insight output: Not political
2025-06-03 22:36:06,498 - INFO - Sentiment analyzed: POSITIVE
2025-06-03 22:36:06,700 - INFO - Sentiment analyzed: NEGATIVE
2025-06-03 22:36:06,908 - INFO - Sentiment analyzed: POSITIVE
2025-06-03 22:37:51,593 - INFO - Sentiment analyzed: POSITIVE
2025-06-03 22:37:51,806 - INFO - Sentiment analyzed: NEGATIVE
2025-06-03 22:37:51,962 - INFO - Sentiment analyzed: POSITIVE
2025-06-03 22:52:34,480 - INFO - Sentiment analyzed: POSITIVE
2025-06-03 22:52:34,639 - INFO - Sentiment analyzed: POSITIVE
2025-06-03 22:52:34,985 - INFO - Sentiment analyzed: NEGATIVE
2025-06-03 22:57:26,275 - INFO - Sentiment analyzed: POSITIVE
2025-06-03 22:57:26,448 - INFO - Sentiment analyzed: POSITIVE
2025-06-03 22:57:26,722 - INFO - Sentiment analyzed: NEGATIVE
2025-06-03 22:58:02,294 - INFO - Sentiment analyzed: POSITIVE
2025-06-03 22:58:02,520 - INFO - Sentiment analyzed: POSITIVE
2025-06-03 22:58:02,663 - INFO - Sentiment analyzed: NEGATIVE
